<?xml version="1.0" encoding="UTF-8"?>
<!-- Generated by org.testng.reporters.JUnitReportReporter -->
<testsuite hostname="LAPTOP-05LSM4AE" name="sep7.ThirdTestNGclass" tests="4" failures="0" timestamp="13 Jan 2023 03:41:25 GMT" time="0.000" errors="4">
  <testcase name="employees" time="0.000" classname="sep7.ThirdTestNGclass">
    <error type="org.openqa.selenium.SessionNotCreatedException" message="session not created: This version of ChromeDriver only supports Chrome version 105
Current browser version is 108.0.5359.126 with binary path C:\Program Files\Google\Chrome\Application\chrome.exe
Build info: version: &#039;3.14.0&#039;, revision: &#039;aacccce0&#039;, time: &#039;2018-08-02T20:13:22.693Z&#039;
System info: host: &#039;LAPTOP-05LSM4AE&#039;, ip: &#039;192.168.1.243&#039;, os.name: &#039;Windows 10&#039;, os.arch: &#039;amd64&#039;, os.version: &#039;10.0&#039;, java.version: &#039;1.8.0_121&#039;
Driver info: driver.version: ChromeDriver
remote stacktrace: Backtrace:
	Ordinal0 [0x00D6DF13+2219795]
	Ordinal0 [0x00D02841+1779777]
	Ordinal0 [0x00C1423D+803389]
	Ordinal0 [0x00C364AC+943276]
	Ordinal0 [0x00C319F0+924144]
	Ordinal0 [0x00C2F179+913785]
	Ordinal0 [0x00C636B9+1128121]
	Ordinal0 [0x00C6331A+1127194]
	Ordinal0 [0x00C5E616+1107478]
	Ordinal0 [0x00C37F89+950153]
	Ordinal0 [0x00C38F56+954198]
	GetHandleVerifier [0x01062CB2+3040210]
	GetHandleVerifier [0x01052BB4+2974420]
	GetHandleVerifier [0x00E06A0A+565546]
	GetHandleVerifier [0x00E05680+560544]
	Ordinal0 [0x00D09A5C+1808988]
	Ordinal0 [0x00D0E3A8+1827752]
	Ordinal0 [0x00D0E495+1827989]
	Ordinal0 [0x00D180A4+1867940]
	BaseThreadInitThunk [0x75CD7D69+25]
	RtlInitializeExceptionChain [0x776CBB9B+107]
	RtlClearBits [0x776CBB1F+191]
">
      <![CDATA[org.openqa.selenium.SessionNotCreatedException: session not created: This version of ChromeDriver only supports Chrome version 105
Current browser version is 108.0.5359.126 with binary path C:\Program Files\Google\Chrome\Application\chrome.exe
Build info: version: '3.14.0', revision: 'aacccce0', time: '2018-08-02T20:13:22.693Z'
System info: host: 'LAPTOP-05LSM4AE', ip: '192.168.1.243', os.name: 'Windows 10', os.arch: 'amd64', os.version: '10.0', java.version: '1.8.0_121'
Driver info: driver.version: ChromeDriver
remote stacktrace: Backtrace:
	Ordinal0 [0x00D6DF13+2219795]
	Ordinal0 [0x00D02841+1779777]
	Ordinal0 [0x00C1423D+803389]
	Ordinal0 [0x00C364AC+943276]
	Ordinal0 [0x00C319F0+924144]
	Ordinal0 [0x00C2F179+913785]
	Ordinal0 [0x00C636B9+1128121]
	Ordinal0 [0x00C6331A+1127194]
	Ordinal0 [0x00C5E616+1107478]
	Ordinal0 [0x00C37F89+950153]
	Ordinal0 [0x00C38F56+954198]
	GetHandleVerifier [0x01062CB2+3040210]
	GetHandleVerifier [0x01052BB4+2974420]
	GetHandleVerifier [0x00E06A0A+565546]
	GetHandleVerifier [0x00E05680+560544]
	Ordinal0 [0x00D09A5C+1808988]
	Ordinal0 [0x00D0E3A8+1827752]
	Ordinal0 [0x00D0E495+1827989]
	Ordinal0 [0x00D180A4+1867940]
	BaseThreadInitThunk [0x75CD7D69+25]
	RtlInitializeExceptionChain [0x776CBB9B+107]
	RtlClearBits [0x776CBB1F+191]

	at sun.reflect.NativeConstructorAccessorImpl.newInstance0(Native Method)
	at sun.reflect.NativeConstructorAccessorImpl.newInstance(Unknown Source)
	at sun.reflect.DelegatingConstructorAccessorImpl.newInstance(Unknown Source)
	at java.lang.reflect.Constructor.newInstance(Unknown Source)
	at org.openqa.selenium.remote.W3CHandshakeResponse.lambda$new$0(W3CHandshakeResponse.java:57)
	at org.openqa.selenium.remote.W3CHandshakeResponse.lambda$getResponseFunction$2(W3CHandshakeResponse.java:104)
	at org.openqa.selenium.remote.ProtocolHandshake.lambda$createSession$0(ProtocolHandshake.java:122)
	at java.util.stream.ReferencePipeline$3$1.accept(Unknown Source)
	at java.util.Spliterators$ArraySpliterator.tryAdvance(Unknown Source)
	at java.util.stream.ReferencePipeline.forEachWithCancel(Unknown Source)
	at java.util.stream.AbstractPipeline.copyIntoWithCancel(Unknown Source)
	at java.util.stream.AbstractPipeline.copyInto(Unknown Source)
	at java.util.stream.AbstractPipeline.wrapAndCopyInto(Unknown Source)
	at java.util.stream.FindOps$FindOp.evaluateSequential(Unknown Source)
	at java.util.stream.AbstractPipeline.evaluate(Unknown Source)
	at java.util.stream.ReferencePipeline.findFirst(Unknown Source)
	at org.openqa.selenium.remote.ProtocolHandshake.createSession(ProtocolHandshake.java:125)
	at org.openqa.selenium.remote.ProtocolHandshake.createSession(ProtocolHandshake.java:73)
	at org.openqa.selenium.remote.HttpCommandExecutor.execute(HttpCommandExecutor.java:136)
	at org.openqa.selenium.remote.service.DriverCommandExecutor.execute(DriverCommandExecutor.java:83)
	at org.openqa.selenium.remote.RemoteWebDriver.execute(RemoteWebDriver.java:548)
	at org.openqa.selenium.remote.RemoteWebDriver.startSession(RemoteWebDriver.java:212)
	at org.openqa.selenium.remote.RemoteWebDriver.<init>(RemoteWebDriver.java:130)
	at org.openqa.selenium.chrome.ChromeDriver.<init>(ChromeDriver.java:181)
	at org.openqa.selenium.chrome.ChromeDriver.<init>(ChromeDriver.java:168)
	at org.openqa.selenium.chrome.ChromeDriver.<init>(ChromeDriver.java:123)
	at config.AppUtil1.setup(AppUtil1.java:14)
	at sun.reflect.NativeMethodAccessorImpl.invoke0(Native Method)
	at sun.reflect.NativeMethodAccessorImpl.invoke(Unknown Source)
	at sun.reflect.DelegatingMethodAccessorImpl.invoke(Unknown Source)
	at java.lang.reflect.Method.invoke(Unknown Source)
	at org.testng.internal.MethodInvocationHelper.invokeMethod(MethodInvocationHelper.java:86)
	at org.testng.internal.Invoker.invokeConfigurationMethod(Invoker.java:515)
	at org.testng.internal.Invoker.invokeConfigurations(Invoker.java:216)
	at org.testng.internal.Invoker.invokeConfigurations(Invoker.java:143)
	at org.testng.SuiteRunner.privateRun(SuiteRunner.java:305)
	at org.testng.SuiteRunner.run(SuiteRunner.java:268)
	at org.testng.SuiteRunnerWorker.runSuite(SuiteRunnerWorker.java:52)
	at org.testng.SuiteRunnerWorker.run(SuiteRunnerWorker.java:86)
	at org.testng.TestNG.runSuitesSequentially(TestNG.java:1225)
	at org.testng.TestNG.runSuitesLocally(TestNG.java:1150)
	at org.testng.TestNG.runSuites(TestNG.java:1075)
	at org.testng.TestNG.run(TestNG.java:1047)
	at org.testng.remote.AbstractRemoteTestNG.run(AbstractRemoteTestNG.java:126)
	at org.testng.remote.RemoteTestNG.initAndRun(RemoteTestNG.java:137)
	at org.testng.remote.RemoteTestNG.main(RemoteTestNG.java:58)
]]>
    </error>
  </testcase> <!-- employees -->
  <testcase name="branches" time="0.000" classname="sep7.ThirdTestNGclass">
    <error type="org.openqa.selenium.SessionNotCreatedException" message="session not created: This version of ChromeDriver only supports Chrome version 105
Current browser version is 108.0.5359.126 with binary path C:\Program Files\Google\Chrome\Application\chrome.exe
Build info: version: &#039;3.14.0&#039;, revision: &#039;aacccce0&#039;, time: &#039;2018-08-02T20:13:22.693Z&#039;
System info: host: &#039;LAPTOP-05LSM4AE&#039;, ip: &#039;192.168.1.243&#039;, os.name: &#039;Windows 10&#039;, os.arch: &#039;amd64&#039;, os.version: &#039;10.0&#039;, java.version: &#039;1.8.0_121&#039;
Driver info: driver.version: ChromeDriver
remote stacktrace: Backtrace:
	Ordinal0 [0x00D6DF13+2219795]
	Ordinal0 [0x00D02841+1779777]
	Ordinal0 [0x00C1423D+803389]
	Ordinal0 [0x00C364AC+943276]
	Ordinal0 [0x00C319F0+924144]
	Ordinal0 [0x00C2F179+913785]
	Ordinal0 [0x00C636B9+1128121]
	Ordinal0 [0x00C6331A+1127194]
	Ordinal0 [0x00C5E616+1107478]
	Ordinal0 [0x00C37F89+950153]
	Ordinal0 [0x00C38F56+954198]
	GetHandleVerifier [0x01062CB2+3040210]
	GetHandleVerifier [0x01052BB4+2974420]
	GetHandleVerifier [0x00E06A0A+565546]
	GetHandleVerifier [0x00E05680+560544]
	Ordinal0 [0x00D09A5C+1808988]
	Ordinal0 [0x00D0E3A8+1827752]
	Ordinal0 [0x00D0E495+1827989]
	Ordinal0 [0x00D180A4+1867940]
	BaseThreadInitThunk [0x75CD7D69+25]
	RtlInitializeExceptionChain [0x776CBB9B+107]
	RtlClearBits [0x776CBB1F+191]
">
      <![CDATA[org.openqa.selenium.SessionNotCreatedException: session not created: This version of ChromeDriver only supports Chrome version 105
Current browser version is 108.0.5359.126 with binary path C:\Program Files\Google\Chrome\Application\chrome.exe
Build info: version: '3.14.0', revision: 'aacccce0', time: '2018-08-02T20:13:22.693Z'
System info: host: 'LAPTOP-05LSM4AE', ip: '192.168.1.243', os.name: 'Windows 10', os.arch: 'amd64', os.version: '10.0', java.version: '1.8.0_121'
Driver info: driver.version: ChromeDriver
remote stacktrace: Backtrace:
	Ordinal0 [0x00D6DF13+2219795]
	Ordinal0 [0x00D02841+1779777]
	Ordinal0 [0x00C1423D+803389]
	Ordinal0 [0x00C364AC+943276]
	Ordinal0 [0x00C319F0+924144]
	Ordinal0 [0x00C2F179+913785]
	Ordinal0 [0x00C636B9+1128121]
	Ordinal0 [0x00C6331A+1127194]
	Ordinal0 [0x00C5E616+1107478]
	Ordinal0 [0x00C37F89+950153]
	Ordinal0 [0x00C38F56+954198]
	GetHandleVerifier [0x01062CB2+3040210]
	GetHandleVerifier [0x01052BB4+2974420]
	GetHandleVerifier [0x00E06A0A+565546]
	GetHandleVerifier [0x00E05680+560544]
	Ordinal0 [0x00D09A5C+1808988]
	Ordinal0 [0x00D0E3A8+1827752]
	Ordinal0 [0x00D0E495+1827989]
	Ordinal0 [0x00D180A4+1867940]
	BaseThreadInitThunk [0x75CD7D69+25]
	RtlInitializeExceptionChain [0x776CBB9B+107]
	RtlClearBits [0x776CBB1F+191]

	at sun.reflect.NativeConstructorAccessorImpl.newInstance0(Native Method)
	at sun.reflect.NativeConstructorAccessorImpl.newInstance(Unknown Source)
	at sun.reflect.DelegatingConstructorAccessorImpl.newInstance(Unknown Source)
	at java.lang.reflect.Constructor.newInstance(Unknown Source)
	at org.openqa.selenium.remote.W3CHandshakeResponse.lambda$new$0(W3CHandshakeResponse.java:57)
	at org.openqa.selenium.remote.W3CHandshakeResponse.lambda$getResponseFunction$2(W3CHandshakeResponse.java:104)
	at org.openqa.selenium.remote.ProtocolHandshake.lambda$createSession$0(ProtocolHandshake.java:122)
	at java.util.stream.ReferencePipeline$3$1.accept(Unknown Source)
	at java.util.Spliterators$ArraySpliterator.tryAdvance(Unknown Source)
	at java.util.stream.ReferencePipeline.forEachWithCancel(Unknown Source)
	at java.util.stream.AbstractPipeline.copyIntoWithCancel(Unknown Source)
	at java.util.stream.AbstractPipeline.copyInto(Unknown Source)
	at java.util.stream.AbstractPipeline.wrapAndCopyInto(Unknown Source)
	at java.util.stream.FindOps$FindOp.evaluateSequential(Unknown Source)
	at java.util.stream.AbstractPipeline.evaluate(Unknown Source)
	at java.util.stream.ReferencePipeline.findFirst(Unknown Source)
	at org.openqa.selenium.remote.ProtocolHandshake.createSession(ProtocolHandshake.java:125)
	at org.openqa.selenium.remote.ProtocolHandshake.createSession(ProtocolHandshake.java:73)
	at org.openqa.selenium.remote.HttpCommandExecutor.execute(HttpCommandExecutor.java:136)
	at org.openqa.selenium.remote.service.DriverCommandExecutor.execute(DriverCommandExecutor.java:83)
	at org.openqa.selenium.remote.RemoteWebDriver.execute(RemoteWebDriver.java:548)
	at org.openqa.selenium.remote.RemoteWebDriver.startSession(RemoteWebDriver.java:212)
	at org.openqa.selenium.remote.RemoteWebDriver.<init>(RemoteWebDriver.java:130)
	at org.openqa.selenium.chrome.ChromeDriver.<init>(ChromeDriver.java:181)
	at org.openqa.selenium.chrome.ChromeDriver.<init>(ChromeDriver.java:168)
	at org.openqa.selenium.chrome.ChromeDriver.<init>(ChromeDriver.java:123)
	at config.AppUtil1.setup(AppUtil1.java:14)
	at sun.reflect.NativeMethodAccessorImpl.invoke0(Native Method)
	at sun.reflect.NativeMethodAccessorImpl.invoke(Unknown Source)
	at sun.reflect.DelegatingMethodAccessorImpl.invoke(Unknown Source)
	at java.lang.reflect.Method.invoke(Unknown Source)
	at org.testng.internal.MethodInvocationHelper.invokeMethod(MethodInvocationHelper.java:86)
	at org.testng.internal.Invoker.invokeConfigurationMethod(Invoker.java:515)
	at org.testng.internal.Invoker.invokeConfigurations(Invoker.java:216)
	at org.testng.internal.Invoker.invokeConfigurations(Invoker.java:143)
	at org.testng.SuiteRunner.privateRun(SuiteRunner.java:305)
	at org.testng.SuiteRunner.run(SuiteRunner.java:268)
	at org.testng.SuiteRunnerWorker.runSuite(SuiteRunnerWorker.java:52)
	at org.testng.SuiteRunnerWorker.run(SuiteRunnerWorker.java:86)
	at org.testng.TestNG.runSuitesSequentially(TestNG.java:1225)
	at org.testng.TestNG.runSuitesLocally(TestNG.java:1150)
	at org.testng.TestNG.runSuites(TestNG.java:1075)
	at org.testng.TestNG.run(TestNG.java:1047)
	at org.testng.remote.AbstractRemoteTestNG.run(AbstractRemoteTestNG.java:126)
	at org.testng.remote.RemoteTestNG.initAndRun(RemoteTestNG.java:137)
	at org.testng.remote.RemoteTestNG.main(RemoteTestNG.java:58)
]]>
    </error>
  </testcase> <!-- branches -->
  <testcase name="roles" time="0.000" classname="sep7.ThirdTestNGclass">
    <error type="org.openqa.selenium.SessionNotCreatedException" message="session not created: This version of ChromeDriver only supports Chrome version 105
Current browser version is 108.0.5359.126 with binary path C:\Program Files\Google\Chrome\Application\chrome.exe
Build info: version: &#039;3.14.0&#039;, revision: &#039;aacccce0&#039;, time: &#039;2018-08-02T20:13:22.693Z&#039;
System info: host: &#039;LAPTOP-05LSM4AE&#039;, ip: &#039;192.168.1.243&#039;, os.name: &#039;Windows 10&#039;, os.arch: &#039;amd64&#039;, os.version: &#039;10.0&#039;, java.version: &#039;1.8.0_121&#039;
Driver info: driver.version: ChromeDriver
remote stacktrace: Backtrace:
	Ordinal0 [0x00D6DF13+2219795]
	Ordinal0 [0x00D02841+1779777]
	Ordinal0 [0x00C1423D+803389]
	Ordinal0 [0x00C364AC+943276]
	Ordinal0 [0x00C319F0+924144]
	Ordinal0 [0x00C2F179+913785]
	Ordinal0 [0x00C636B9+1128121]
	Ordinal0 [0x00C6331A+1127194]
	Ordinal0 [0x00C5E616+1107478]
	Ordinal0 [0x00C37F89+950153]
	Ordinal0 [0x00C38F56+954198]
	GetHandleVerifier [0x01062CB2+3040210]
	GetHandleVerifier [0x01052BB4+2974420]
	GetHandleVerifier [0x00E06A0A+565546]
	GetHandleVerifier [0x00E05680+560544]
	Ordinal0 [0x00D09A5C+1808988]
	Ordinal0 [0x00D0E3A8+1827752]
	Ordinal0 [0x00D0E495+1827989]
	Ordinal0 [0x00D180A4+1867940]
	BaseThreadInitThunk [0x75CD7D69+25]
	RtlInitializeExceptionChain [0x776CBB9B+107]
	RtlClearBits [0x776CBB1F+191]
">
      <![CDATA[org.openqa.selenium.SessionNotCreatedException: session not created: This version of ChromeDriver only supports Chrome version 105
Current browser version is 108.0.5359.126 with binary path C:\Program Files\Google\Chrome\Application\chrome.exe
Build info: version: '3.14.0', revision: 'aacccce0', time: '2018-08-02T20:13:22.693Z'
System info: host: 'LAPTOP-05LSM4AE', ip: '192.168.1.243', os.name: 'Windows 10', os.arch: 'amd64', os.version: '10.0', java.version: '1.8.0_121'
Driver info: driver.version: ChromeDriver
remote stacktrace: Backtrace:
	Ordinal0 [0x00D6DF13+2219795]
	Ordinal0 [0x00D02841+1779777]
	Ordinal0 [0x00C1423D+803389]
	Ordinal0 [0x00C364AC+943276]
	Ordinal0 [0x00C319F0+924144]
	Ordinal0 [0x00C2F179+913785]
	Ordinal0 [0x00C636B9+1128121]
	Ordinal0 [0x00C6331A+1127194]
	Ordinal0 [0x00C5E616+1107478]
	Ordinal0 [0x00C37F89+950153]
	Ordinal0 [0x00C38F56+954198]
	GetHandleVerifier [0x01062CB2+3040210]
	GetHandleVerifier [0x01052BB4+2974420]
	GetHandleVerifier [0x00E06A0A+565546]
	GetHandleVerifier [0x00E05680+560544]
	Ordinal0 [0x00D09A5C+1808988]
	Ordinal0 [0x00D0E3A8+1827752]
	Ordinal0 [0x00D0E495+1827989]
	Ordinal0 [0x00D180A4+1867940]
	BaseThreadInitThunk [0x75CD7D69+25]
	RtlInitializeExceptionChain [0x776CBB9B+107]
	RtlClearBits [0x776CBB1F+191]

	at sun.reflect.NativeConstructorAccessorImpl.newInstance0(Native Method)
	at sun.reflect.NativeConstructorAccessorImpl.newInstance(Unknown Source)
	at sun.reflect.DelegatingConstructorAccessorImpl.newInstance(Unknown Source)
	at java.lang.reflect.Constructor.newInstance(Unknown Source)
	at org.openqa.selenium.remote.W3CHandshakeResponse.lambda$new$0(W3CHandshakeResponse.java:57)
	at org.openqa.selenium.remote.W3CHandshakeResponse.lambda$getResponseFunction$2(W3CHandshakeResponse.java:104)
	at org.openqa.selenium.remote.ProtocolHandshake.lambda$createSession$0(ProtocolHandshake.java:122)
	at java.util.stream.ReferencePipeline$3$1.accept(Unknown Source)
	at java.util.Spliterators$ArraySpliterator.tryAdvance(Unknown Source)
	at java.util.stream.ReferencePipeline.forEachWithCancel(Unknown Source)
	at java.util.stream.AbstractPipeline.copyIntoWithCancel(Unknown Source)
	at java.util.stream.AbstractPipeline.copyInto(Unknown Source)
	at java.util.stream.AbstractPipeline.wrapAndCopyInto(Unknown Source)
	at java.util.stream.FindOps$FindOp.evaluateSequential(Unknown Source)
	at java.util.stream.AbstractPipeline.evaluate(Unknown Source)
	at java.util.stream.ReferencePipeline.findFirst(Unknown Source)
	at org.openqa.selenium.remote.ProtocolHandshake.createSession(ProtocolHandshake.java:125)
	at org.openqa.selenium.remote.ProtocolHandshake.createSession(ProtocolHandshake.java:73)
	at org.openqa.selenium.remote.HttpCommandExecutor.execute(HttpCommandExecutor.java:136)
	at org.openqa.selenium.remote.service.DriverCommandExecutor.execute(DriverCommandExecutor.java:83)
	at org.openqa.selenium.remote.RemoteWebDriver.execute(RemoteWebDriver.java:548)
	at org.openqa.selenium.remote.RemoteWebDriver.startSession(RemoteWebDriver.java:212)
	at org.openqa.selenium.remote.RemoteWebDriver.<init>(RemoteWebDriver.java:130)
	at org.openqa.selenium.chrome.ChromeDriver.<init>(ChromeDriver.java:181)
	at org.openqa.selenium.chrome.ChromeDriver.<init>(ChromeDriver.java:168)
	at org.openqa.selenium.chrome.ChromeDriver.<init>(ChromeDriver.java:123)
	at config.AppUtil1.setup(AppUtil1.java:14)
	at sun.reflect.NativeMethodAccessorImpl.invoke0(Native Method)
	at sun.reflect.NativeMethodAccessorImpl.invoke(Unknown Source)
	at sun.reflect.DelegatingMethodAccessorImpl.invoke(Unknown Source)
	at java.lang.reflect.Method.invoke(Unknown Source)
	at org.testng.internal.MethodInvocationHelper.invokeMethod(MethodInvocationHelper.java:86)
	at org.testng.internal.Invoker.invokeConfigurationMethod(Invoker.java:515)
	at org.testng.internal.Invoker.invokeConfigurations(Invoker.java:216)
	at org.testng.internal.Invoker.invokeConfigurations(Invoker.java:143)
	at org.testng.SuiteRunner.privateRun(SuiteRunner.java:305)
	at org.testng.SuiteRunner.run(SuiteRunner.java:268)
	at org.testng.SuiteRunnerWorker.runSuite(SuiteRunnerWorker.java:52)
	at org.testng.SuiteRunnerWorker.run(SuiteRunnerWorker.java:86)
	at org.testng.TestNG.runSuitesSequentially(TestNG.java:1225)
	at org.testng.TestNG.runSuitesLocally(TestNG.java:1150)
	at org.testng.TestNG.runSuites(TestNG.java:1075)
	at org.testng.TestNG.run(TestNG.java:1047)
	at org.testng.remote.AbstractRemoteTestNG.run(AbstractRemoteTestNG.java:126)
	at org.testng.remote.RemoteTestNG.initAndRun(RemoteTestNG.java:137)
	at org.testng.remote.RemoteTestNG.main(RemoteTestNG.java:58)
]]>
    </error>
  </testcase> <!-- roles -->
  <testcase name="users" time="0.000" classname="sep7.ThirdTestNGclass">
    <error type="org.openqa.selenium.SessionNotCreatedException" message="session not created: This version of ChromeDriver only supports Chrome version 105
Current browser version is 108.0.5359.126 with binary path C:\Program Files\Google\Chrome\Application\chrome.exe
Build info: version: &#039;3.14.0&#039;, revision: &#039;aacccce0&#039;, time: &#039;2018-08-02T20:13:22.693Z&#039;
System info: host: &#039;LAPTOP-05LSM4AE&#039;, ip: &#039;192.168.1.243&#039;, os.name: &#039;Windows 10&#039;, os.arch: &#039;amd64&#039;, os.version: &#039;10.0&#039;, java.version: &#039;1.8.0_121&#039;
Driver info: driver.version: ChromeDriver
remote stacktrace: Backtrace:
	Ordinal0 [0x00D6DF13+2219795]
	Ordinal0 [0x00D02841+1779777]
	Ordinal0 [0x00C1423D+803389]
	Ordinal0 [0x00C364AC+943276]
	Ordinal0 [0x00C319F0+924144]
	Ordinal0 [0x00C2F179+913785]
	Ordinal0 [0x00C636B9+1128121]
	Ordinal0 [0x00C6331A+1127194]
	Ordinal0 [0x00C5E616+1107478]
	Ordinal0 [0x00C37F89+950153]
	Ordinal0 [0x00C38F56+954198]
	GetHandleVerifier [0x01062CB2+3040210]
	GetHandleVerifier [0x01052BB4+2974420]
	GetHandleVerifier [0x00E06A0A+565546]
	GetHandleVerifier [0x00E05680+560544]
	Ordinal0 [0x00D09A5C+1808988]
	Ordinal0 [0x00D0E3A8+1827752]
	Ordinal0 [0x00D0E495+1827989]
	Ordinal0 [0x00D180A4+1867940]
	BaseThreadInitThunk [0x75CD7D69+25]
	RtlInitializeExceptionChain [0x776CBB9B+107]
	RtlClearBits [0x776CBB1F+191]
">
      <![CDATA[org.openqa.selenium.SessionNotCreatedException: session not created: This version of ChromeDriver only supports Chrome version 105
Current browser version is 108.0.5359.126 with binary path C:\Program Files\Google\Chrome\Application\chrome.exe
Build info: version: '3.14.0', revision: 'aacccce0', time: '2018-08-02T20:13:22.693Z'
System info: host: 'LAPTOP-05LSM4AE', ip: '192.168.1.243', os.name: 'Windows 10', os.arch: 'amd64', os.version: '10.0', java.version: '1.8.0_121'
Driver info: driver.version: ChromeDriver
remote stacktrace: Backtrace:
	Ordinal0 [0x00D6DF13+2219795]
	Ordinal0 [0x00D02841+1779777]
	Ordinal0 [0x00C1423D+803389]
	Ordinal0 [0x00C364AC+943276]
	Ordinal0 [0x00C319F0+924144]
	Ordinal0 [0x00C2F179+913785]
	Ordinal0 [0x00C636B9+1128121]
	Ordinal0 [0x00C6331A+1127194]
	Ordinal0 [0x00C5E616+1107478]
	Ordinal0 [0x00C37F89+950153]
	Ordinal0 [0x00C38F56+954198]
	GetHandleVerifier [0x01062CB2+3040210]
	GetHandleVerifier [0x01052BB4+2974420]
	GetHandleVerifier [0x00E06A0A+565546]
	GetHandleVerifier [0x00E05680+560544]
	Ordinal0 [0x00D09A5C+1808988]
	Ordinal0 [0x00D0E3A8+1827752]
	Ordinal0 [0x00D0E495+1827989]
	Ordinal0 [0x00D180A4+1867940]
	BaseThreadInitThunk [0x75CD7D69+25]
	RtlInitializeExceptionChain [0x776CBB9B+107]
	RtlClearBits [0x776CBB1F+191]

	at sun.reflect.NativeConstructorAccessorImpl.newInstance0(Native Method)
	at sun.reflect.NativeConstructorAccessorImpl.newInstance(Unknown Source)
	at sun.reflect.DelegatingConstructorAccessorImpl.newInstance(Unknown Source)
	at java.lang.reflect.Constructor.newInstance(Unknown Source)
	at org.openqa.selenium.remote.W3CHandshakeResponse.lambda$new$0(W3CHandshakeResponse.java:57)
	at org.openqa.selenium.remote.W3CHandshakeResponse.lambda$getResponseFunction$2(W3CHandshakeResponse.java:104)
	at org.openqa.selenium.remote.ProtocolHandshake.lambda$createSession$0(ProtocolHandshake.java:122)
	at java.util.stream.ReferencePipeline$3$1.accept(Unknown Source)
	at java.util.Spliterators$ArraySpliterator.tryAdvance(Unknown Source)
	at java.util.stream.ReferencePipeline.forEachWithCancel(Unknown Source)
	at java.util.stream.AbstractPipeline.copyIntoWithCancel(Unknown Source)
	at java.util.stream.AbstractPipeline.copyInto(Unknown Source)
	at java.util.stream.AbstractPipeline.wrapAndCopyInto(Unknown Source)
	at java.util.stream.FindOps$FindOp.evaluateSequential(Unknown Source)
	at java.util.stream.AbstractPipeline.evaluate(Unknown Source)
	at java.util.stream.ReferencePipeline.findFirst(Unknown Source)
	at org.openqa.selenium.remote.ProtocolHandshake.createSession(ProtocolHandshake.java:125)
	at org.openqa.selenium.remote.ProtocolHandshake.createSession(ProtocolHandshake.java:73)
	at org.openqa.selenium.remote.HttpCommandExecutor.execute(HttpCommandExecutor.java:136)
	at org.openqa.selenium.remote.service.DriverCommandExecutor.execute(DriverCommandExecutor.java:83)
	at org.openqa.selenium.remote.RemoteWebDriver.execute(RemoteWebDriver.java:548)
	at org.openqa.selenium.remote.RemoteWebDriver.startSession(RemoteWebDriver.java:212)
	at org.openqa.selenium.remote.RemoteWebDriver.<init>(RemoteWebDriver.java:130)
	at org.openqa.selenium.chrome.ChromeDriver.<init>(ChromeDriver.java:181)
	at org.openqa.selenium.chrome.ChromeDriver.<init>(ChromeDriver.java:168)
	at org.openqa.selenium.chrome.ChromeDriver.<init>(ChromeDriver.java:123)
	at config.AppUtil1.setup(AppUtil1.java:14)
	at sun.reflect.NativeMethodAccessorImpl.invoke0(Native Method)
	at sun.reflect.NativeMethodAccessorImpl.invoke(Unknown Source)
	at sun.reflect.DelegatingMethodAccessorImpl.invoke(Unknown Source)
	at java.lang.reflect.Method.invoke(Unknown Source)
	at org.testng.internal.MethodInvocationHelper.invokeMethod(MethodInvocationHelper.java:86)
	at org.testng.internal.Invoker.invokeConfigurationMethod(Invoker.java:515)
	at org.testng.internal.Invoker.invokeConfigurations(Invoker.java:216)
	at org.testng.internal.Invoker.invokeConfigurations(Invoker.java:143)
	at org.testng.SuiteRunner.privateRun(SuiteRunner.java:305)
	at org.testng.SuiteRunner.run(SuiteRunner.java:268)
	at org.testng.SuiteRunnerWorker.runSuite(SuiteRunnerWorker.java:52)
	at org.testng.SuiteRunnerWorker.run(SuiteRunnerWorker.java:86)
	at org.testng.TestNG.runSuitesSequentially(TestNG.java:1225)
	at org.testng.TestNG.runSuitesLocally(TestNG.java:1150)
	at org.testng.TestNG.runSuites(TestNG.java:1075)
	at org.testng.TestNG.run(TestNG.java:1047)
	at org.testng.remote.AbstractRemoteTestNG.run(AbstractRemoteTestNG.java:126)
	at org.testng.remote.RemoteTestNG.initAndRun(RemoteTestNG.java:137)
	at org.testng.remote.RemoteTestNG.main(RemoteTestNG.java:58)
]]>
    </error>
  </testcase> <!-- users -->
</testsuite> <!-- sep7.ThirdTestNGclass -->
